bluetoothspp/build/intermediates/manifest_merge_blame_file/debug/manifest-merger-blame-debug-report.txt
1<?xml version="1.0" encoding="utf-8"?>
2<manifest xmlns:android="http://schemas.android.com/apk/res/android"
3    package="app.applayer.bluetotohspp.library"
4    android:versionCode="1"
5    android:versionName="1.0" >
6
7    <uses-sdk
8        android:minSdkVersion="10"
8-->src/main/AndroidManifest.xml
9        android:targetSdkVersion="23" />
9-->src/main/AndroidManifest.xml
10
11    <uses-permission android:name="android.permission.BLUETOOTH" />
11-->src/main/AndroidManifest.xml:6:5-68
11-->src/main/AndroidManifest.xml:6:22-65
12    <uses-permission android:name="android.permission.BLUETOOTH_ADMIN" />
12-->src/main/AndroidManifest.xml:7:5-74
12-->src/main/AndroidManifest.xml:7:22-71
13
14    <uses-permission-sdk-23 android:name="android.permission.ACCESS_FINE_LOCATION" />
14-->src/main/AndroidManifest.xml:9:5-86
14-->src/main/AndroidManifest.xml:9:29-83
15    <uses-permission-sdk-23 android:name="android.permission.ACCESS_COARSE_LOCATION" />
15-->src/main/AndroidManifest.xml:10:5-88
15-->src/main/AndroidManifest.xml:10:29-85
16"
17    <application>
17-->src/main/AndroidManifest.xml:12:5-14:19
18        <activity android:name="app.applayer.bluetotohspp.library.DeviceList" />
18-->src/main/AndroidManifest.xml:13:9-81
18-->src/main/AndroidManifest.xml:13:19-78
19    </application>
20
21</manifest>